<?xml version="1.0" encoding="UTF-8"?>
<!-- Generated by org.testng.reporters.JUnitXMLReporter -->
<testsuite ignored="0" hostname="DESKTOP-KR47B8N" failures="0" tests="4" name="Default test" time="20.646" errors="0" timestamp="2025-06-22T16:26:19 IST">
  <testcase classname="api.test.BookingTest" name="testPostBooking" time="2.215"/>
  <testcase classname="api.test.BookingTest" name="testGetBooking" time="2.002"/>
  <testcase classname="api.test.BookingTest" name="testUpdateBooking" time="1.936"/>
  <testcase classname="api.test.BookingTest" name="testDeleteBooking" time="1.51"/>
</testsuite> <!-- Default test -->
