<?xml version="1.0" encoding="UTF-8"?>
<testng-results ignored="0" total="4" passed="4" failed="0" skipped="0">
  <reporter-output>
  </reporter-output>
  <suite started-at="2025-06-22T16:25:58 IST" name="Default suite" finished-at="2025-06-22T16:26:19 IST" duration-ms="20647">
    <groups>
    </groups>
    <test started-at="2025-06-22T16:25:58 IST" name="Default test" finished-at="2025-06-22T16:26:19 IST" duration-ms="20647">
      <class name="api.test.BookingTest">
        <test-method is-config="true" signature="setupData()[pri:0, instance:api.test.BookingTest@33c911a1]" started-at="2025-06-22T16:25:58 IST" name="setupData" finished-at="2025-06-22T16:26:11 IST" duration-ms="12668" status="PASS">
          <reporter-output>
          </reporter-output>
        </test-method> <!-- setupData -->
        <test-method signature="testPostBooking()[pri:1, instance:api.test.BookingTest@33c911a1]" started-at="2025-06-22T16:26:11 IST" name="testPostBooking" finished-at="2025-06-22T16:26:13 IST" duration-ms="2261" status="PASS">
          <reporter-output>
          </reporter-output>
        </test-method> <!-- testPostBooking -->
        <test-method signature="testGetBooking()[pri:2, instance:api.test.BookingTest@33c911a1]" started-at="2025-06-22T16:26:13 IST" name="testGetBooking" finished-at="2025-06-22T16:26:15 IST" depends-on-methods="api.test.BookingTest.testPostBooking" duration-ms="1979" status="PASS">
          <reporter-output>
          </reporter-output>
        </test-method> <!-- testGetBooking -->
        <test-method signature="testUpdateBooking()[pri:3, instance:api.test.BookingTest@33c911a1]" started-at="2025-06-22T16:26:15 IST" name="testUpdateBooking" finished-at="2025-06-22T16:26:17 IST" depends-on-methods="api.test.BookingTest.testGetBooking" duration-ms="1991" status="PASS">
          <reporter-output>
          </reporter-output>
        </test-method> <!-- testUpdateBooking -->
        <test-method signature="testDeleteBooking()[pri:4, instance:api.test.BookingTest@33c911a1]" started-at="2025-06-22T16:26:17 IST" name="testDeleteBooking" finished-at="2025-06-22T16:26:19 IST" depends-on-methods="api.test.BookingTest.testUpdateBooking" duration-ms="1445" status="PASS">
          <reporter-output>
          </reporter-output>
        </test-method> <!-- testDeleteBooking -->
      </class> <!-- api.test.BookingTest -->
    </test> <!-- Default test -->
  </suite> <!-- Default suite -->
</testng-results>
